* using log directory ‘/Users/malcolmbarrett/Google Drive/Active/r_packages/ggdag/revdep/checks.noindex/mcmcabn/new/mcmcabn.Rcheck’
* using R version 3.6.1 (2019-07-05)
* using platform: x86_64-apple-darwin15.6.0 (64-bit)
* using session charset: UTF-8
* using options ‘--no-manual --no-build-vignettes’
* checking for file ‘mcmcabn/DESCRIPTION’ ... OK
* this is package ‘mcmcabn’ version ‘0.2’
* package encoding: UTF-8
* checking package namespace information ... OK
* checking package dependencies ... OK
* checking if this is a source package ... OK
* checking if there is a namespace ... OK
* checking for executable files ... OK
* checking for hidden files and directories ... OK
* checking for portable file names ... OK
* checking for sufficient/correct file permissions ... OK
* checking whether package ‘mcmcabn’ can be installed ... OK
* checking installed package size ... OK
* checking package directory ... OK
* checking ‘build’ directory ... OK
* checking DESCRIPTION meta-information ... OK
* checking top-level files ... OK
* checking for left-over files ... OK
* checking index information ... OK
* checking package subdirectories ... OK
* checking R files for non-ASCII characters ... OK
* checking R files for syntax errors ... OK
* checking whether the package can be loaded ... ERROR
Loading this package had a fatal error status code 1
Loading log:
Error: package or namespace load failed for ‘mcmcabn’:
 .onLoad failed in loadNamespace() for 'rjags', details:
  call: dyn.load(file, DLLpath = DLLpath, ...)
  error: unable to load shared object '/Users/malcolmbarrett/Google Drive/Active/r_packages/ggdag/revdep/library.noindex/mcmcabn/rjags/libs/rjags.so':
  dlopen(/Users/malcolmbarrett/Google Drive/Active/r_packages/ggdag/revdep/library.noindex/mcmcabn/rjags/libs/rjags.so, 10): Library not loaded: /usr/local/lib/libjags.4.dylib
  Referenced from: /Users/malcolmbarrett/Google Drive/Active/r_packages/ggdag/revdep/library.noindex/mcmcabn/rjags/libs/rjags.so
  Reason: image not found
Execution halted
* DONE
Status: 1 ERROR
